#
# There is insufficient memory for the Java Runtime Environment to continue.
# Native memory allocation (mmap) failed to map 2097152 bytes for G1 virtual space
# Possible reasons:
#   The system is out of physical RAM or swap space
#   The process is running with CompressedOops enabled, and the Java Heap may be blocking the growth of the native heap
# Possible solutions:
#   Reduce memory load on the system
#   Increase physical memory or swap space
#   Check if swap backing store is full
#   Decrease Java heap size (-Xmx/-Xms)
#   Decrease number of Java threads
#   Decrease Java thread stack sizes (-Xss)
#   Set larger code cache with -XX:ReservedCodeCacheSize=
#   JVM is running with Zero Based Compressed Oops mode in which the Java heap is
#     placed in the first 32GB address space. The Java Heap base address is the
#     maximum limit for the native heap growth. Please use -XX:HeapBaseMinAddress
#     to set the Java Heap base and to place the Java Heap above 32GB virtual address.
# This output file may be truncated or incomplete.
#
#  Out of Memory Error (os_windows.cpp:3557), pid=17028, tid=16208
#
# JRE version: OpenJDK Runtime Environment Temurin-17.0.6+10 (17.0.6+10) (build 17.0.6+10)
# Java VM: OpenJDK 64-Bit Server VM Temurin-17.0.6+10 (17.0.6+10, mixed mode, tiered, compressed oops, compressed class ptrs, g1 gc, windows-amd64)
# No core dump will be written. Minidumps are not enabled by default on client versions of Windows
#

---------------  S U M M A R Y ------------

Command Line: -Dfile.encoding=UTF-8 -XX:+ShowCodeDetailsInExceptionMessages Main

Host: Intel(R) Core(TM) i7-10750H CPU @ 2.60GHz, 12 cores, 15G,  Windows 11 , 64 bit Build 22621 (10.0.22621.2215)
Time: Tue Oct  3 23:17:28 2023 Hora de verano romance elapsed time: 0.523924 seconds (0d 0h 0m 0s)

---------------  T H R E A D  ---------------

Current thread (0x0000020d8931dbd0):  JavaThread "Image Fetcher 0" daemon [_thread_in_vm, id=16208, stack(0x00000077af800000,0x00000077af900000)]

Stack: [0x00000077af800000,0x00000077af900000]
Native frames: (J=compiled Java code, j=interpreted, Vv=VM code, C=native code)
V  [jvm.dll+0x67741a]
V  [jvm.dll+0x834434]
V  [jvm.dll+0x835bde]
V  [jvm.dll+0x836243]
V  [jvm.dll+0x2457b5]
V  [jvm.dll+0x674329]
V  [jvm.dll+0x6689da]
V  [jvm.dll+0x30489b]
V  [jvm.dll+0x30bd96]
V  [jvm.dll+0x35b26b]
V  [jvm.dll+0x35b894]
V  [jvm.dll+0x35b446]
V  [jvm.dll+0x2dbcc4]
V  [jvm.dll+0x2d7d06]
V  [jvm.dll+0x60a6f3]
V  [jvm.dll+0x2103a5]
V  [jvm.dll+0x7fe546]
V  [jvm.dll+0x38145a]
C  0x0000020df35cb7f7

Java frames: (J=compiled Java code, j=interpreted, Vv=VM code)
j  java.awt.image.DataBufferInt.<init>(I)V+11 java.desktop@17.0.6
j  sun.awt.image.ImageRepresentation.convertToRGB()V+25 java.desktop@17.0.6
j  sun.awt.image.ImageRepresentation.setPixels(IIIILjava/awt/image/ColorModel;[III)V+66 java.desktop@17.0.6
j  java.awt.image.AreaAveragingScaleFilter.accumPixels(IIIILjava/awt/image/ColorModel;Ljava/lang/Object;II)V+468 java.desktop@17.0.6
j  java.awt.image.AreaAveragingScaleFilter.setPixels(IIIILjava/awt/image/ColorModel;[BII)V+41 java.desktop@17.0.6
j  sun.awt.image.ImageDecoder.setPixels(IIIILjava/awt/image/ColorModel;[BII)I+44 java.desktop@17.0.6
J 588 c1 sun.awt.image.PNGImageDecoder.sendPixels(IIII[BII)Z java.desktop@17.0.6 (44 bytes) @ 0x0000020dec1715e4 [0x0000020dec1714c0+0x0000000000000124]
J 557% c2 sun.awt.image.PNGImageDecoder.produceImage()V java.desktop@17.0.6 (1917 bytes) @ 0x0000020df3b77a88 [0x0000020df3b76bc0+0x0000000000000ec8]
j  sun.awt.image.InputStreamImageSource.doFetch()V+51 java.desktop@17.0.6
j  sun.awt.image.ImageFetcher.fetchloop()V+31 java.desktop@17.0.6
j  sun.awt.image.ImageFetcher.run()V+5 java.desktop@17.0.6
v  ~StubRoutines::call_stub

---------------  P R O C E S S  ---------------

Threads class SMR info:
_java_thread_list=0x0000020d89201000, length=17, elements={
0x0000020de89c4ea0, 0x0000020dffa4e5b0, 0x0000020d888497a0, 0x0000020d8888e000,
0x0000020d8888ebb0, 0x0000020d88891670, 0x0000020d88892020, 0x0000020d88892d00,
0x0000020d888a1a90, 0x0000020d888ad3a0, 0x0000020d88a11f70, 0x0000020d88a21800,
0x0000020d88a2deb0, 0x0000020d88e65060, 0x0000020d88e65530, 0x0000020d88e78d70,
0x0000020d8931dbd0
}

Java Threads: ( => current thread )
  0x0000020de89c4ea0 JavaThread "main" [_thread_blocked, id=5620, stack(0x00000077adf00000,0x00000077ae000000)]
  0x0000020dffa4e5b0 JavaThread "Reference Handler" daemon [_thread_blocked, id=11204, stack(0x00000077ae600000,0x00000077ae700000)]
  0x0000020d888497a0 JavaThread "Finalizer" daemon [_thread_blocked, id=18520, stack(0x00000077ae700000,0x00000077ae800000)]
  0x0000020d8888e000 JavaThread "Signal Dispatcher" daemon [_thread_blocked, id=19020, stack(0x00000077ae800000,0x00000077ae900000)]
  0x0000020d8888ebb0 JavaThread "Attach Listener" daemon [_thread_blocked, id=15760, stack(0x00000077ae900000,0x00000077aea00000)]
  0x0000020d88891670 JavaThread "Service Thread" daemon [_thread_blocked, id=14476, stack(0x00000077aea00000,0x00000077aeb00000)]
  0x0000020d88892020 JavaThread "Monitor Deflation Thread" daemon [_thread_blocked, id=12704, stack(0x00000077aeb00000,0x00000077aec00000)]
  0x0000020d88892d00 JavaThread "C2 CompilerThread0" daemon [_thread_blocked, id=21200, stack(0x00000077aec00000,0x00000077aed00000)]
  0x0000020d888a1a90 JavaThread "C1 CompilerThread0" daemon [_thread_blocked, id=15116, stack(0x00000077aed00000,0x00000077aee00000)]
  0x0000020d888ad3a0 JavaThread "Sweeper thread" daemon [_thread_blocked, id=8312, stack(0x00000077aee00000,0x00000077aef00000)]
  0x0000020d88a11f70 JavaThread "Notification Thread" daemon [_thread_blocked, id=19824, stack(0x00000077aef00000,0x00000077af000000)]
  0x0000020d88a21800 JavaThread "Common-Cleaner" daemon [_thread_blocked, id=3716, stack(0x00000077af100000,0x00000077af200000)]
  0x0000020d88a2deb0 JavaThread "Thread-0" [_thread_blocked, id=9336, stack(0x00000077af200000,0x00000077af300000)]
  0x0000020d88e65060 JavaThread "Java2D Disposer" daemon [_thread_blocked, id=3080, stack(0x00000077af300000,0x00000077af400000)]
  0x0000020d88e65530 JavaThread "AWT-Shutdown" [_thread_blocked, id=14560, stack(0x00000077af400000,0x00000077af500000)]
  0x0000020d88e78d70 JavaThread "AWT-Windows" daemon [_thread_in_native, id=3680, stack(0x00000077af500000,0x00000077af600000)]
=>0x0000020d8931dbd0 JavaThread "Image Fetcher 0" daemon [_thread_in_vm, id=16208, stack(0x00000077af800000,0x00000077af900000)]

Other Threads:
  0x0000020dffa4dd40 VMThread "VM Thread" [stack: 0x00000077ae500000,0x00000077ae600000] [id=7584]
  0x0000020de8a514a0 WatcherThread [stack: 0x00000077af000000,0x00000077af100000] [id=11600]
  0x0000020de8a34da0 GCTaskThread "GC Thread#0" [stack: 0x00000077ae000000,0x00000077ae100000] [id=5164]
  0x0000020d894fbe90 GCTaskThread "GC Thread#1" [stack: 0x00000077af900000,0x00000077afa00000] [id=21196]
  0x0000020d894fc140 GCTaskThread "GC Thread#2" [stack: 0x00000077afa00000,0x00000077afb00000] [id=9676]
  0x0000020d894fc3f0 GCTaskThread "GC Thread#3" [stack: 0x00000077afb00000,0x00000077afc00000] [id=3252]
  0x0000020d894fc6a0 GCTaskThread "GC Thread#4" [stack: 0x00000077afc00000,0x00000077afd00000] [id=3988]
  0x0000020d8945c7c0 GCTaskThread "GC Thread#5" [stack: 0x00000077afd00000,0x00000077afe00000] [id=332]
  0x0000020d8953ae70 GCTaskThread "GC Thread#6" [stack: 0x00000077afe00000,0x00000077aff00000] [id=5180]
  0x0000020de8a46100 ConcurrentGCThread "G1 Main Marker" [stack: 0x00000077ae100000,0x00000077ae200000] [id=6116]
  0x0000020de8a46b10 ConcurrentGCThread "G1 Conc#0" [stack: 0x00000077ae200000,0x00000077ae300000] [id=10412]
  0x0000020d8934c850 ConcurrentGCThread "G1 Conc#1" [stack: 0x00000077aff00000,0x00000077b0000000] [id=4844]
  0x0000020d91925330 ConcurrentGCThread "G1 Conc#2" [stack: 0x00000077b0000000,0x00000077b0100000] [id=4720]
  0x0000020de8a8e8a0 ConcurrentGCThread "G1 Refine#0" [stack: 0x00000077ae300000,0x00000077ae400000] [id=16852]
  0x0000020dff8e6450 ConcurrentGCThread "G1 Service" [stack: 0x00000077ae400000,0x00000077ae500000] [id=15680]

Threads with active compile tasks:

VM state: not at safepoint (normal execution)

VM Mutex/Monitor currently owned by a thread:  ([mutex/lock_event])
[0x0000020de678a4a0] Heap_lock - owner thread: 0x0000020d8931dbd0

Heap address: 0x0000000703800000, size: 4040 MB, Compressed Oops mode: Zero based, Oop shift amount: 3

CDS archive(s) not mapped
Compressed class space mapped at: 0x0000000800000000-0x0000000840000000, reserved size: 1073741824
Narrow klass base: 0x0000000800000000, Narrow klass shift: 0, Narrow klass range: 0x40000000

GC Precious Log:
 CPUs: 12 total, 12 available
 Memory: 16155M
 Large Page Support: Disabled
 NUMA Support: Disabled
 Compressed Oops: Enabled (Zero based)
 Heap Region Size: 2M
 Heap Min Capacity: 8M
 Heap Initial Capacity: 254M
 Heap Max Capacity: 4040M
 Pre-touch: Disabled
 Parallel Workers: 10
 Concurrent Workers: 3
 Concurrent Refinement Workers: 10
 Periodic GC: Disabled

Heap:
 garbage-first heap   total 485376K, used 190740K [0x0000000703800000, 0x0000000800000000)
  region size 2048K, 1 young (2048K), 1 survivors (2048K)
 Metaspace       used 10941K, committed 11200K, reserved 1064960K
  class space    used 1023K, committed 1152K, reserved 1048576K

Heap Regions: E=young(eden), S=young(survivor), O=old, HS=humongous(starts), HC=humongous(continues), CS=collection set, F=free, OA=open archive, CA=closed archive, TAMS=top-at-mark-start (previous, next)
|   0|0x0000000703800000, 0x0000000703a00000, 0x0000000703a00000|100%|HS|  |TAMS 0x0000000703800000, 0x0000000703a00000| Complete 
|   1|0x0000000703a00000, 0x0000000703c00000, 0x0000000703c00000|100%|HC|  |TAMS 0x0000000703a00000, 0x0000000703c00000| Complete 
|   2|0x0000000703c00000, 0x0000000703e00000, 0x0000000703e00000|100%|HC|  |TAMS 0x0000000703c00000, 0x0000000703e00000| Complete 
|   3|0x0000000703e00000, 0x0000000704000000, 0x0000000704000000|100%|HC|  |TAMS 0x0000000703e00000, 0x0000000704000000| Complete 
|   4|0x0000000704000000, 0x0000000704200000, 0x0000000704200000|100%|HC|  |TAMS 0x0000000704000000, 0x0000000704200000| Complete 
|   5|0x0000000704200000, 0x0000000704400000, 0x0000000704400000|100%|HC|  |TAMS 0x0000000704200000, 0x0000000704400000| Complete 
|   6|0x0000000704400000, 0x0000000704600000, 0x0000000704600000|100%|HC|  |TAMS 0x0000000704400000, 0x0000000704600000| Complete 
|   7|0x0000000704600000, 0x0000000704800000, 0x0000000704800000|100%|HC|  |TAMS 0x0000000704600000, 0x0000000704800000| Complete 
|   8|0x0000000704800000, 0x0000000704a00000, 0x0000000704a00000|100%|HC|  |TAMS 0x0000000704800000, 0x0000000704a00000| Complete 
|   9|0x0000000704a00000, 0x0000000704c00000, 0x0000000704c00000|100%|HC|  |TAMS 0x0000000704a00000, 0x0000000704c00000| Complete 
|  10|0x0000000704c00000, 0x0000000704e00000, 0x0000000704e00000|100%|HC|  |TAMS 0x0000000704c00000, 0x0000000704e00000| Complete 
|  11|0x0000000704e00000, 0x0000000705000000, 0x0000000705000000|100%|HS|  |TAMS 0x0000000704e00000, 0x0000000705000000| Complete 
|  12|0x0000000705000000, 0x0000000705200000, 0x0000000705200000|100%|HC|  |TAMS 0x0000000705000000, 0x0000000705200000| Complete 
|  13|0x0000000705200000, 0x0000000705400000, 0x0000000705400000|100%|HC|  |TAMS 0x0000000705200000, 0x0000000705400000| Complete 
|  14|0x0000000705400000, 0x0000000705600000, 0x0000000705600000|100%|HC|  |TAMS 0x0000000705400000, 0x0000000705600000| Complete 
|  15|0x0000000705600000, 0x0000000705800000, 0x0000000705800000|100%|HC|  |TAMS 0x0000000705600000, 0x0000000705800000| Complete 
|  16|0x0000000705800000, 0x0000000705a00000, 0x0000000705a00000|100%|HC|  |TAMS 0x0000000705800000, 0x0000000705a00000| Complete 
|  17|0x0000000705a00000, 0x0000000705c00000, 0x0000000705c00000|100%|HC|  |TAMS 0x0000000705a00000, 0x0000000705c00000| Complete 
|  18|0x0000000705c00000, 0x0000000705e00000, 0x0000000705e00000|100%|HC|  |TAMS 0x0000000705c00000, 0x0000000705e00000| Complete 
|  19|0x0000000705e00000, 0x0000000706000000, 0x0000000706000000|100%|HC|  |TAMS 0x0000000705e00000, 0x0000000706000000| Complete 
|  20|0x0000000706000000, 0x0000000706200000, 0x0000000706200000|100%|HC|  |TAMS 0x0000000706000000, 0x0000000706200000| Complete 
|  21|0x0000000706200000, 0x0000000706400000, 0x0000000706400000|100%|HC|  |TAMS 0x0000000706200000, 0x0000000706400000| Complete 
|  22|0x0000000706400000, 0x0000000706600000, 0x0000000706600000|100%|HC|  |TAMS 0x0000000706400000, 0x0000000706600000| Complete 
|  23|0x0000000706600000, 0x0000000706800000, 0x0000000706800000|100%|HC|  |TAMS 0x0000000706600000, 0x0000000706800000| Complete 
|  24|0x0000000706800000, 0x0000000706a00000, 0x0000000706a00000|100%|HC|  |TAMS 0x0000000706800000, 0x0000000706a00000| Complete 
|  25|0x0000000706a00000, 0x0000000706c00000, 0x0000000706c00000|100%|HC|  |TAMS 0x0000000706a00000, 0x0000000706c00000| Complete 
|  26|0x0000000706c00000, 0x0000000706e00000, 0x0000000706e00000|100%|HC|  |TAMS 0x0000000706c00000, 0x0000000706e00000| Complete 
|  27|0x0000000706e00000, 0x0000000707000000, 0x0000000707000000|100%|HC|  |TAMS 0x0000000706e00000, 0x0000000707000000| Complete 
|  28|0x0000000707000000, 0x0000000707200000, 0x0000000707200000|100%|HC|  |TAMS 0x0000000707000000, 0x0000000707200000| Complete 
|  29|0x0000000707200000, 0x0000000707400000, 0x0000000707400000|100%|HC|  |TAMS 0x0000000707200000, 0x0000000707400000| Complete 
|  30|0x0000000707400000, 0x0000000707600000, 0x0000000707600000|100%|HC|  |TAMS 0x0000000707400000, 0x0000000707600000| Complete 
|  31|0x0000000707600000, 0x0000000707800000, 0x0000000707800000|100%|HC|  |TAMS 0x0000000707600000, 0x0000000707800000| Complete 
|  32|0x0000000707800000, 0x0000000707a00000, 0x0000000707a00000|100%|HC|  |TAMS 0x0000000707800000, 0x0000000707a00000| Complete 
|  33|0x0000000707a00000, 0x0000000707c00000, 0x0000000707c00000|100%|HC|  |TAMS 0x0000000707a00000, 0x0000000707c00000| Complete 
|  34|0x0000000707c00000, 0x0000000707e00000, 0x0000000707e00000|100%|HC|  |TAMS 0x0000000707c00000, 0x0000000707e00000| Complete 
|  35|0x0000000707e00000, 0x0000000708000000, 0x0000000708000000|100%|HC|  |TAMS 0x0000000707e00000, 0x0000000708000000| Complete 
|  36|0x0000000708000000, 0x0000000708200000, 0x0000000708200000|100%|HC|  |TAMS 0x0000000708000000, 0x0000000708200000| Complete 
|  37|0x0000000708200000, 0x0000000708400000, 0x0000000708400000|100%|HC|  |TAMS 0x0000000708200000, 0x0000000708400000| Complete 
|  38|0x0000000708400000, 0x0000000708600000, 0x0000000708600000|100%|HC|  |TAMS 0x0000000708400000, 0x0000000708600000| Complete 
|  39|0x0000000708600000, 0x0000000708800000, 0x0000000708800000|100%|HC|  |TAMS 0x0000000708600000, 0x0000000708800000| Complete 
|  40|0x0000000708800000, 0x0000000708a00000, 0x0000000708a00000|100%|HC|  |TAMS 0x0000000708800000, 0x0000000708a00000| Complete 
|  41|0x0000000708a00000, 0x0000000708c00000, 0x0000000708c00000|100%|HC|  |TAMS 0x0000000708a00000, 0x0000000708c00000| Complete 
|  42|0x0000000708c00000, 0x0000000708e00000, 0x0000000708e00000|100%|HC|  |TAMS 0x0000000708c00000, 0x0000000708e00000| Complete 
|  43|0x0000000708e00000, 0x0000000709000000, 0x0000000709000000|100%|HC|  |TAMS 0x0000000708e00000, 0x0000000709000000| Complete 
|  44|0x0000000709000000, 0x0000000709200000, 0x0000000709200000|100%|HC|  |TAMS 0x0000000709000000, 0x0000000709200000| Complete 
|  45|0x0000000709200000, 0x0000000709400000, 0x0000000709400000|100%|HC|  |TAMS 0x0000000709200000, 0x0000000709400000| Complete 
|  46|0x0000000709400000, 0x0000000709600000, 0x0000000709600000|100%|HC|  |TAMS 0x0000000709400000, 0x0000000709600000| Complete 
|  47|0x0000000709600000, 0x0000000709800000, 0x0000000709800000|100%|HC|  |TAMS 0x0000000709600000, 0x0000000709800000| Complete 
|  48|0x0000000709800000, 0x0000000709a00000, 0x0000000709a00000|100%|HC|  |TAMS 0x0000000709800000, 0x0000000709a00000| Complete 
|  49|0x0000000709a00000, 0x0000000709c00000, 0x0000000709c00000|100%|HC|  |TAMS 0x0000000709a00000, 0x0000000709c00000| Complete 
|  50|0x0000000709c00000, 0x0000000709e00000, 0x0000000709e00000|100%|HC|  |TAMS 0x0000000709c00000, 0x0000000709e00000| Complete 
|  51|0x0000000709e00000, 0x000000070a000000, 0x000000070a000000|100%|HC|  |TAMS 0x0000000709e00000, 0x000000070a000000| Complete 
|  52|0x000000070a000000, 0x000000070a200000, 0x000000070a200000|100%|HC|  |TAMS 0x000000070a000000, 0x000000070a200000| Complete 
|  53|0x000000070a200000, 0x000000070a400000, 0x000000070a400000|100%|HC|  |TAMS 0x000000070a200000, 0x000000070a400000| Complete 
|  54|0x000000070a400000, 0x000000070a600000, 0x000000070a600000|100%|HC|  |TAMS 0x000000070a400000, 0x000000070a600000| Complete 
|  55|0x000000070a600000, 0x000000070a800000, 0x000000070a800000|100%|HC|  |TAMS 0x000000070a600000, 0x000000070a800000| Complete 
|  56|0x000000070a800000, 0x000000070aa00000, 0x000000070aa00000|100%|HC|  |TAMS 0x000000070a800000, 0x000000070aa00000| Complete 
|  57|0x000000070aa00000, 0x000000070ac00000, 0x000000070ac00000|100%|HC|  |TAMS 0x000000070aa00000, 0x000000070ac00000| Complete 
|  58|0x000000070ac00000, 0x000000070ae00000, 0x000000070ae00000|100%|HC|  |TAMS 0x000000070ac00000, 0x000000070ae00000| Complete 
|  59|0x000000070ae00000, 0x000000070b000000, 0x000000070b000000|100%|HC|  |TAMS 0x000000070ae00000, 0x000000070b000000| Complete 
|  60|0x000000070b000000, 0x000000070b200000, 0x000000070b200000|100%|HC|  |TAMS 0x000000070b000000, 0x000000070b200000| Complete 
|  61|0x000000070b200000, 0x000000070b400000, 0x000000070b400000|100%|HC|  |TAMS 0x000000070b200000, 0x000000070b400000| Complete 
|  62|0x000000070b400000, 0x000000070b600000, 0x000000070b600000|100%|HC|  |TAMS 0x000000070b400000, 0x000000070b600000| Complete 
|  63|0x000000070b600000, 0x000000070b800000, 0x000000070b800000|100%|HC|  |TAMS 0x000000070b600000, 0x000000070b800000| Complete 
|  64|0x000000070b800000, 0x000000070ba00000, 0x000000070ba00000|100%|HC|  |TAMS 0x000000070b800000, 0x000000070ba00000| Complete 
|  65|0x000000070ba00000, 0x000000070bc00000, 0x000000070bc00000|100%|HC|  |TAMS 0x000000070ba00000, 0x000000070bc00000| Complete 
|  66|0x000000070bc00000, 0x000000070be00000, 0x000000070be00000|100%|HC|  |TAMS 0x000000070bc00000, 0x000000070be00000| Complete 
|  67|0x000000070be00000, 0x000000070c000000, 0x000000070c000000|100%|HC|  |TAMS 0x000000070be00000, 0x000000070c000000| Complete 
|  68|0x000000070c000000, 0x000000070c200000, 0x000000070c200000|100%|HC|  |TAMS 0x000000070c000000, 0x000000070c200000| Complete 
|  69|0x000000070c200000, 0x000000070c400000, 0x000000070c400000|100%|HC|  |TAMS 0x000000070c200000, 0x000000070c400000| Complete 
|  70|0x000000070c400000, 0x000000070c600000, 0x000000070c600000|100%|HC|  |TAMS 0x000000070c400000, 0x000000070c600000| Complete 
|  71|0x000000070c600000, 0x000000070c800000, 0x000000070c800000|100%|HC|  |TAMS 0x000000070c600000, 0x000000070c800000| Complete 
|  72|0x000000070c800000, 0x000000070ca00000, 0x000000070ca00000|100%|HC|  |TAMS 0x000000070c800000, 0x000000070ca00000| Complete 
|  73|0x000000070ca00000, 0x000000070cc00000, 0x000000070cc00000|100%|HC|  |TAMS 0x000000070ca00000, 0x000000070cc00000| Complete 
|  74|0x000000070cc00000, 0x000000070ce00000, 0x000000070ce00000|100%|HC|  |TAMS 0x000000070cc00000, 0x000000070ce00000| Complete 
|  75|0x000000070ce00000, 0x000000070d000000, 0x000000070d000000|100%|HC|  |TAMS 0x000000070ce00000, 0x000000070d000000| Complete 
|  76|0x000000070d000000, 0x000000070d200000, 0x000000070d200000|100%|HC|  |TAMS 0x000000070d000000, 0x000000070d200000| Complete 
|  77|0x000000070d200000, 0x000000070d400000, 0x000000070d400000|100%|HC|  |TAMS 0x000000070d200000, 0x000000070d400000| Complete 
|  78|0x000000070d400000, 0x000000070d600000, 0x000000070d600000|100%|HC|  |TAMS 0x000000070d400000, 0x000000070d600000| Complete 
|  79|0x000000070d600000, 0x000000070d800000, 0x000000070d800000|100%|HC|  |TAMS 0x000000070d600000, 0x000000070d800000| Complete 
|  80|0x000000070d800000, 0x000000070da00000, 0x000000070da00000|100%|HC|  |TAMS 0x000000070d800000, 0x000000070da00000| Complete 
|  81|0x000000070da00000, 0x000000070dc00000, 0x000000070dc00000|100%|HC|  |TAMS 0x000000070da00000, 0x000000070dc00000| Complete 
|  82|0x000000070dc00000, 0x000000070de00000, 0x000000070de00000|100%|HC|  |TAMS 0x000000070dc00000, 0x000000070de00000| Complete 
|  83|0x000000070de00000, 0x000000070e000000, 0x000000070e000000|100%|HC|  |TAMS 0x000000070de00000, 0x000000070e000000| Complete 
|  84|0x000000070e000000, 0x000000070e200000, 0x000000070e200000|100%|HC|  |TAMS 0x000000070e000000, 0x000000070e200000| Complete 
|  85|0x000000070e200000, 0x000000070e400000, 0x000000070e400000|100%|HC|  |TAMS 0x000000070e200000, 0x000000070e400000| Complete 
|  86|0x000000070e400000, 0x000000070e600000, 0x000000070e600000|100%|HC|  |TAMS 0x000000070e400000, 0x000000070e600000| Complete 
|  87|0x000000070e600000, 0x000000070e800000, 0x000000070e800000|100%|HC|  |TAMS 0x000000070e600000, 0x000000070e800000| Complete 
|  88|0x000000070e800000, 0x000000070ea00000, 0x000000070ea00000|100%|HC|  |TAMS 0x000000070e800000, 0x000000070ea00000| Complete 
|  89|0x000000070ea00000, 0x000000070ec00000, 0x000000070ec00000|100%|HC|  |TAMS 0x000000070ea00000, 0x000000070ec00000| Complete 
|  90|0x000000070ec00000, 0x000000070ee00000, 0x000000070ee00000|100%|HC|  |TAMS 0x000000070ec00000, 0x000000070ee00000| Complete 
|  91|0x000000070ee00000, 0x000000070f000000, 0x000000070f000000|100%|HC|  |TAMS 0x000000070ee00000, 0x000000070f000000| Complete 
|  92|0x000000070f000000, 0x000000070f200000, 0x000000070f200000|100%| O|  |TAMS 0x000000070f000000, 0x000000070f000000| Untracked 
|  93|0x000000070f200000, 0x000000070f234e00, 0x000000070f400000| 10%| O|  |TAMS 0x000000070f200000, 0x000000070f200000| Untracked 
|  94|0x000000070f400000, 0x000000070f400000, 0x000000070f600000|  0%| F|  |TAMS 0x000000070f400000, 0x000000070f400000| Untracked 
|  95|0x000000070f600000, 0x000000070f600000, 0x000000070f800000|  0%| F|  |TAMS 0x000000070f600000, 0x000000070f600000| Untracked 
|  96|0x000000070f800000, 0x000000070f800000, 0x000000070fa00000|  0%| F|  |TAMS 0x000000070f800000, 0x000000070f800000| Untracked 
|  97|0x000000070fa00000, 0x000000070fa00000, 0x000000070fc00000|  0%| F|  |TAMS 0x000000070fa00000, 0x000000070fa00000| Untracked 
|  98|0x000000070fc00000, 0x000000070fc00000, 0x000000070fe00000|  0%| F|  |TAMS 0x000000070fc00000, 0x000000070fc00000| Untracked 
|  99|0x000000070fe00000, 0x000000070fe00000, 0x0000000710000000|  0%| F|  |TAMS 0x000000070fe00000, 0x000000070fe00000| Untracked 
| 100|0x0000000710000000, 0x0000000710000000, 0x0000000710200000|  0%| F|  |TAMS 0x0000000710000000, 0x0000000710000000| Untracked 
| 101|0x0000000710200000, 0x0000000710200000, 0x0000000710400000|  0%| F|  |TAMS 0x0000000710200000, 0x0000000710200000| Untracked 
| 102|0x0000000710400000, 0x0000000710400000, 0x0000000710600000|  0%| F|  |TAMS 0x0000000710400000, 0x0000000710400000| Untracked 
| 103|0x0000000710600000, 0x0000000710600000, 0x0000000710800000|  0%| F|  |TAMS 0x0000000710600000, 0x0000000710600000| Untracked 
| 104|0x0000000710800000, 0x0000000710800000, 0x0000000710a00000|  0%| F|  |TAMS 0x0000000710800000, 0x0000000710800000| Untracked 
| 105|0x0000000710a00000, 0x0000000710a00000, 0x0000000710c00000|  0%| F|  |TAMS 0x0000000710a00000, 0x0000000710a00000| Untracked 
| 106|0x0000000710c00000, 0x0000000710c00000, 0x0000000710e00000|  0%| F|  |TAMS 0x0000000710c00000, 0x0000000710c00000| Untracked 
| 107|0x0000000710e00000, 0x0000000710e00000, 0x0000000711000000|  0%| F|  |TAMS 0x0000000710e00000, 0x0000000710e00000| Untracked 
| 108|0x0000000711000000, 0x0000000711000000, 0x0000000711200000|  0%| F|  |TAMS 0x0000000711000000, 0x0000000711000000| Untracked 
| 109|0x0000000711200000, 0x0000000711200000, 0x0000000711400000|  0%| F|  |TAMS 0x0000000711200000, 0x0000000711200000| Untracked 
| 110|0x0000000711400000, 0x0000000711400000, 0x0000000711600000|  0%| F|  |TAMS 0x0000000711400000, 0x0000000711400000| Untracked 
| 111|0x0000000711600000, 0x0000000711600000, 0x0000000711800000|  0%| F|  |TAMS 0x0000000711600000, 0x0000000711600000| Untracked 
| 112|0x0000000711800000, 0x0000000711800000, 0x0000000711a00000|  0%| F|  |TAMS 0x0000000711800000, 0x0000000711800000| Untracked 
| 113|0x0000000711a00000, 0x0000000711a00000, 0x0000000711c00000|  0%| F|  |TAMS 0x0000000711a00000, 0x0000000711a00000| Untracked 
| 114|0x0000000711c00000, 0x0000000711c00000, 0x0000000711e00000|  0%| F|  |TAMS 0x0000000711c00000, 0x0000000711c00000| Untracked 
| 115|0x0000000711e00000, 0x0000000711e00000, 0x0000000712000000|  0%| F|  |TAMS 0x0000000711e00000, 0x0000000711e00000| Untracked 
| 116|0x0000000712000000, 0x0000000712000000, 0x0000000712200000|  0%| F|  |TAMS 0x0000000712000000, 0x0000000712000000| Untracked 
| 117|0x0000000712200000, 0x0000000712200000, 0x0000000712400000|  0%| F|  |TAMS 0x0000000712200000, 0x0000000712200000| Untracked 
| 118|0x0000000712400000, 0x0000000712400000, 0x0000000712600000|  0%| F|  |TAMS 0x0000000712400000, 0x0000000712400000| Untracked 
| 119|0x0000000712600000, 0x0000000712600000, 0x0000000712800000|  0%| F|  |TAMS 0x0000000712600000, 0x0000000712600000| Untracked 
| 120|0x0000000712800000, 0x0000000712800000, 0x0000000712a00000|  0%| F|  |TAMS 0x0000000712800000, 0x0000000712800000| Untracked 
| 121|0x0000000712a00000, 0x0000000712a00000, 0x0000000712c00000|  0%| F|  |TAMS 0x0000000712a00000, 0x0000000712a00000| Untracked 
| 122|0x0000000712c00000, 0x0000000712c00000, 0x0000000712e00000|  0%| F|  |TAMS 0x0000000712c00000, 0x0000000712c00000| Untracked 
| 123|0x0000000712e00000, 0x0000000712e00000, 0x0000000713000000|  0%| F|  |TAMS 0x0000000712e00000, 0x0000000712e00000| Untracked 
| 124|0x0000000713000000, 0x0000000713000000, 0x0000000713200000|  0%| F|  |TAMS 0x0000000713000000, 0x0000000713000000| Untracked 
| 125|0x0000000713200000, 0x00000007132105b0, 0x0000000713400000|  3%| S|CS|TAMS 0x0000000713200000, 0x0000000713200000| Complete 
| 126|0x0000000713400000, 0x0000000713400000, 0x0000000713600000|  0%| F|  |TAMS 0x0000000713400000, 0x0000000713400000| Untracked 
| 127|0x0000000713600000, 0x0000000713600000, 0x0000000713800000|  0%| F|  |TAMS 0x0000000713600000, 0x0000000713600000| Untracked 
| 128|0x0000000713800000, 0x0000000713800000, 0x0000000713a00000|  0%| F|  |TAMS 0x0000000713800000, 0x0000000713800000| Untracked 
| 129|0x0000000713a00000, 0x0000000713a00000, 0x0000000713c00000|  0%| F|  |TAMS 0x0000000713a00000, 0x0000000713a00000| Untracked 
| 130|0x0000000713c00000, 0x0000000713c00000, 0x0000000713e00000|  0%| F|  |TAMS 0x0000000713c00000, 0x0000000713c00000| Untracked 
| 131|0x0000000713e00000, 0x0000000713e00000, 0x0000000714000000|  0%| F|  |TAMS 0x0000000713e00000, 0x0000000713e00000| Untracked 
| 132|0x0000000714000000, 0x0000000714000000, 0x0000000714200000|  0%| F|  |TAMS 0x0000000714000000, 0x0000000714000000| Untracked 
| 133|0x0000000714200000, 0x0000000714200000, 0x0000000714400000|  0%| F|  |TAMS 0x0000000714200000, 0x0000000714200000| Untracked 
| 134|0x0000000714400000, 0x0000000714400000, 0x0000000714600000|  0%| F|  |TAMS 0x0000000714400000, 0x0000000714400000| Untracked 
| 135|0x0000000714600000, 0x0000000714600000, 0x0000000714800000|  0%| F|  |TAMS 0x0000000714600000, 0x0000000714600000| Untracked 
| 136|0x0000000714800000, 0x0000000714800000, 0x0000000714a00000|  0%| F|  |TAMS 0x0000000714800000, 0x0000000714800000| Untracked 
| 137|0x0000000714a00000, 0x0000000714a00000, 0x0000000714c00000|  0%| F|  |TAMS 0x0000000714a00000, 0x0000000714a00000| Untracked 
| 138|0x0000000714c00000, 0x0000000714c00000, 0x0000000714e00000|  0%| F|  |TAMS 0x0000000714c00000, 0x0000000714c00000| Untracked 
| 139|0x0000000714e00000, 0x0000000714e00000, 0x0000000715000000|  0%| F|  |TAMS 0x0000000714e00000, 0x0000000714e00000| Untracked 
| 140|0x0000000715000000, 0x0000000715000000, 0x0000000715200000|  0%| F|  |TAMS 0x0000000715000000, 0x0000000715000000| Untracked 
| 141|0x0000000715200000, 0x0000000715200000, 0x0000000715400000|  0%| F|  |TAMS 0x0000000715200000, 0x0000000715200000| Untracked 
| 142|0x0000000715400000, 0x0000000715400000, 0x0000000715600000|  0%| F|  |TAMS 0x0000000715400000, 0x0000000715400000| Untracked 
| 143|0x0000000715600000, 0x0000000715600000, 0x0000000715800000|  0%| F|  |TAMS 0x0000000715600000, 0x0000000715600000| Untracked 
| 144|0x0000000715800000, 0x0000000715800000, 0x0000000715a00000|  0%| F|  |TAMS 0x0000000715800000, 0x0000000715800000| Untracked 
| 145|0x0000000715a00000, 0x0000000715a00000, 0x0000000715c00000|  0%| F|  |TAMS 0x0000000715a00000, 0x0000000715a00000| Untracked 
| 146|0x0000000715c00000, 0x0000000715c00000, 0x0000000715e00000|  0%| F|  |TAMS 0x0000000715c00000, 0x0000000715c00000| Untracked 
| 147|0x0000000715e00000, 0x0000000715e00000, 0x0000000716000000|  0%| F|  |TAMS 0x0000000715e00000, 0x0000000715e00000| Untracked 
| 148|0x0000000716000000, 0x0000000716000000, 0x0000000716200000|  0%| F|  |TAMS 0x0000000716000000, 0x0000000716000000| Untracked 
| 149|0x0000000716200000, 0x0000000716200000, 0x0000000716400000|  0%| F|  |TAMS 0x0000000716200000, 0x0000000716200000| Untracked 
| 150|0x0000000716400000, 0x0000000716400000, 0x0000000716600000|  0%| F|  |TAMS 0x0000000716400000, 0x0000000716400000| Untracked 
| 151|0x0000000716600000, 0x0000000716600000, 0x0000000716800000|  0%| F|  |TAMS 0x0000000716600000, 0x0000000716600000| Untracked 
| 152|0x0000000716800000, 0x0000000716800000, 0x0000000716a00000|  0%| F|  |TAMS 0x0000000716800000, 0x0000000716800000| Untracked 
| 153|0x0000000716a00000, 0x0000000716a00000, 0x0000000716c00000|  0%| F|  |TAMS 0x0000000716a00000, 0x0000000716a00000| Untracked 
| 154|0x0000000716c00000, 0x0000000716c00000, 0x0000000716e00000|  0%| F|  |TAMS 0x0000000716c00000, 0x0000000716c00000| Untracked 
| 155|0x0000000716e00000, 0x0000000716e00000, 0x0000000717000000|  0%| F|  |TAMS 0x0000000716e00000, 0x0000000716e00000| Untracked 
| 156|0x0000000717000000, 0x0000000717000000, 0x0000000717200000|  0%| F|  |TAMS 0x0000000717000000, 0x0000000717000000| Untracked 
| 157|0x0000000717200000, 0x0000000717200000, 0x0000000717400000|  0%| F|  |TAMS 0x0000000717200000, 0x0000000717200000| Untracked 
| 158|0x0000000717400000, 0x0000000717400000, 0x0000000717600000|  0%| F|  |TAMS 0x0000000717400000, 0x0000000717400000| Untracked 
| 159|0x0000000717600000, 0x0000000717600000, 0x0000000717800000|  0%| F|  |TAMS 0x0000000717600000, 0x0000000717600000| Untracked 
| 160|0x0000000717800000, 0x0000000717800000, 0x0000000717a00000|  0%| F|  |TAMS 0x0000000717800000, 0x0000000717800000| Untracked 
| 161|0x0000000717a00000, 0x0000000717a00000, 0x0000000717c00000|  0%| F|  |TAMS 0x0000000717a00000, 0x0000000717a00000| Untracked 
| 162|0x0000000717c00000, 0x0000000717c00000, 0x0000000717e00000|  0%| F|  |TAMS 0x0000000717c00000, 0x0000000717c00000| Untracked 
| 163|0x0000000717e00000, 0x0000000717e00000, 0x0000000718000000|  0%| F|  |TAMS 0x0000000717e00000, 0x0000000717e00000| Untracked 
| 164|0x0000000718000000, 0x0000000718000000, 0x0000000718200000|  0%| F|  |TAMS 0x0000000718000000, 0x0000000718000000| Untracked 
| 165|0x0000000718200000, 0x0000000718200000, 0x0000000718400000|  0%| F|  |TAMS 0x0000000718200000, 0x0000000718200000| Untracked 
| 166|0x0000000718400000, 0x0000000718400000, 0x0000000718600000|  0%| F|  |TAMS 0x0000000718400000, 0x0000000718400000| Untracked 
| 167|0x0000000718600000, 0x0000000718600000, 0x0000000718800000|  0%| F|  |TAMS 0x0000000718600000, 0x0000000718600000| Untracked 
| 168|0x0000000718800000, 0x0000000718800000, 0x0000000718a00000|  0%| F|  |TAMS 0x0000000718800000, 0x0000000718800000| Untracked 
| 169|0x0000000718a00000, 0x0000000718a00000, 0x0000000718c00000|  0%| F|  |TAMS 0x0000000718a00000, 0x0000000718a00000| Untracked 
| 170|0x0000000718c00000, 0x0000000718c00000, 0x0000000718e00000|  0%| F|  |TAMS 0x0000000718c00000, 0x0000000718c00000| Untracked 
| 171|0x0000000718e00000, 0x0000000718e00000, 0x0000000719000000|  0%| F|  |TAMS 0x0000000718e00000, 0x0000000718e00000| Untracked 
| 172|0x0000000719000000, 0x0000000719000000, 0x0000000719200000|  0%| F|  |TAMS 0x0000000719000000, 0x0000000719000000| Untracked 
| 173|0x0000000719200000, 0x0000000719200000, 0x0000000719400000|  0%| F|  |TAMS 0x0000000719200000, 0x0000000719200000| Untracked 
| 174|0x0000000719400000, 0x0000000719400000, 0x0000000719600000|  0%| F|  |TAMS 0x0000000719400000, 0x0000000719400000| Untracked 
| 175|0x0000000719600000, 0x0000000719600000, 0x0000000719800000|  0%| F|  |TAMS 0x0000000719600000, 0x0000000719600000| Untracked 
| 176|0x0000000719800000, 0x0000000719800000, 0x0000000719a00000|  0%| F|  |TAMS 0x0000000719800000, 0x0000000719800000| Untracked 
| 177|0x0000000719a00000, 0x0000000719a00000, 0x0000000719c00000|  0%| F|  |TAMS 0x0000000719a00000, 0x0000000719a00000| Untracked 
| 178|0x0000000719c00000, 0x0000000719c00000, 0x0000000719e00000|  0%| F|  |TAMS 0x0000000719c00000, 0x0000000719c00000| Untracked 
| 179|0x0000000719e00000, 0x0000000719e00000, 0x000000071a000000|  0%| F|  |TAMS 0x0000000719e00000, 0x0000000719e00000| Untracked 
| 180|0x000000071a000000, 0x000000071a000000, 0x000000071a200000|  0%| F|  |TAMS 0x000000071a000000, 0x000000071a000000| Untracked 
| 181|0x000000071a200000, 0x000000071a200000, 0x000000071a400000|  0%| F|  |TAMS 0x000000071a200000, 0x000000071a200000| Untracked 
| 182|0x000000071a400000, 0x000000071a400000, 0x000000071a600000|  0%| F|  |TAMS 0x000000071a400000, 0x000000071a400000| Untracked 
| 183|0x000000071a600000, 0x000000071a600000, 0x000000071a800000|  0%| F|  |TAMS 0x000000071a600000, 0x000000071a600000| Untracked 
| 184|0x000000071a800000, 0x000000071a800000, 0x000000071aa00000|  0%| F|  |TAMS 0x000000071a800000, 0x000000071a800000| Untracked 
| 185|0x000000071aa00000, 0x000000071aa00000, 0x000000071ac00000|  0%| F|  |TAMS 0x000000071aa00000, 0x000000071aa00000| Untracked 
| 186|0x000000071ac00000, 0x000000071ac00000, 0x000000071ae00000|  0%| F|  |TAMS 0x000000071ac00000, 0x000000071ac00000| Untracked 
| 187|0x000000071ae00000, 0x000000071ae00000, 0x000000071b000000|  0%| F|  |TAMS 0x000000071ae00000, 0x000000071ae00000| Untracked 
| 188|0x000000071b000000, 0x000000071b000000, 0x000000071b200000|  0%| F|  |TAMS 0x000000071b000000, 0x000000071b000000| Untracked 
| 189|0x000000071b200000, 0x000000071b200000, 0x000000071b400000|  0%| F|  |TAMS 0x000000071b200000, 0x000000071b200000| Untracked 
| 190|0x000000071b400000, 0x000000071b400000, 0x000000071b600000|  0%| F|  |TAMS 0x000000071b400000, 0x000000071b400000| Untracked 
| 191|0x000000071b600000, 0x000000071b600000, 0x000000071b800000|  0%| F|  |TAMS 0x000000071b600000, 0x000000071b600000| Untracked 
| 192|0x000000071b800000, 0x000000071b800000, 0x000000071ba00000|  0%| F|  |TAMS 0x000000071b800000, 0x000000071b800000| Untracked 
| 193|0x000000071ba00000, 0x000000071ba00000, 0x000000071bc00000|  0%| F|  |TAMS 0x000000071ba00000, 0x000000071ba00000| Untracked 
| 194|0x000000071bc00000, 0x000000071bc00000, 0x000000071be00000|  0%| F|  |TAMS 0x000000071bc00000, 0x000000071bc00000| Untracked 
| 195|0x000000071be00000, 0x000000071be00000, 0x000000071c000000|  0%| F|  |TAMS 0x000000071be00000, 0x000000071be00000| Untracked 
| 196|0x000000071c000000, 0x000000071c000000, 0x000000071c200000|  0%| F|  |TAMS 0x000000071c000000, 0x000000071c000000| Untracked 
| 197|0x000000071c200000, 0x000000071c200000, 0x000000071c400000|  0%| F|  |TAMS 0x000000071c200000, 0x000000071c200000| Untracked 
| 198|0x000000071c400000, 0x000000071c400000, 0x000000071c600000|  0%| F|  |TAMS 0x000000071c400000, 0x000000071c400000| Untracked 
| 199|0x000000071c600000, 0x000000071c600000, 0x000000071c800000|  0%| F|  |TAMS 0x000000071c600000, 0x000000071c600000| Untracked 
| 200|0x000000071c800000, 0x000000071c800000, 0x000000071ca00000|  0%| F|  |TAMS 0x000000071c800000, 0x000000071c800000| Untracked 
| 201|0x000000071ca00000, 0x000000071ca00000, 0x000000071cc00000|  0%| F|  |TAMS 0x000000071ca00000, 0x000000071ca00000| Untracked 
| 202|0x000000071cc00000, 0x000000071cc00000, 0x000000071ce00000|  0%| F|  |TAMS 0x000000071cc00000, 0x000000071cc00000| Untracked 
| 203|0x000000071ce00000, 0x000000071ce00000, 0x000000071d000000|  0%| F|  |TAMS 0x000000071ce00000, 0x000000071ce00000| Untracked 
| 204|0x000000071d000000, 0x000000071d000000, 0x000000071d200000|  0%| F|  |TAMS 0x000000071d000000, 0x000000071d000000| Untracked 
| 205|0x000000071d200000, 0x000000071d200000, 0x000000071d400000|  0%| F|  |TAMS 0x000000071d200000, 0x000000071d200000| Untracked 
| 206|0x000000071d400000, 0x000000071d400000, 0x000000071d600000|  0%| F|  |TAMS 0x000000071d400000, 0x000000071d400000| Untracked 
| 207|0x000000071d600000, 0x000000071d600000, 0x000000071d800000|  0%| F|  |TAMS 0x000000071d600000, 0x000000071d600000| Untracked 
| 208|0x000000071d800000, 0x000000071d800000, 0x000000071da00000|  0%| F|  |TAMS 0x000000071d800000, 0x000000071d800000| Untracked 
| 209|0x000000071da00000, 0x000000071da00000, 0x000000071dc00000|  0%| F|  |TAMS 0x000000071da00000, 0x000000071da00000| Untracked 
| 210|0x000000071dc00000, 0x000000071dc00000, 0x000000071de00000|  0%| F|  |TAMS 0x000000071dc00000, 0x000000071dc00000| Untracked 
| 211|0x000000071de00000, 0x000000071de00000, 0x000000071e000000|  0%| F|  |TAMS 0x000000071de00000, 0x000000071de00000| Untracked 
| 212|0x000000071e000000, 0x000000071e000000, 0x000000071e200000|  0%| F|  |TAMS 0x000000071e000000, 0x000000071e000000| Untracked 
| 213|0x000000071e200000, 0x000000071e200000, 0x000000071e400000|  0%| F|  |TAMS 0x000000071e200000, 0x000000071e200000| Untracked 
| 214|0x000000071e400000, 0x000000071e400000, 0x000000071e600000|  0%| F|  |TAMS 0x000000071e400000, 0x000000071e400000| Untracked 
| 215|0x000000071e600000, 0x000000071e600000, 0x000000071e800000|  0%| F|  |TAMS 0x000000071e600000, 0x000000071e600000| Untracked 
| 216|0x000000071e800000, 0x000000071e800000, 0x000000071ea00000|  0%| F|  |TAMS 0x000000071e800000, 0x000000071e800000| Untracked 
| 217|0x000000071ea00000, 0x000000071ea00000, 0x000000071ec00000|  0%| F|  |TAMS 0x000000071ea00000, 0x000000071ea00000| Untracked 
| 218|0x000000071ec00000, 0x000000071ec00000, 0x000000071ee00000|  0%| F|  |TAMS 0x000000071ec00000, 0x000000071ec00000| Untracked 
| 219|0x000000071ee00000, 0x000000071ee00000, 0x000000071f000000|  0%| F|  |TAMS 0x000000071ee00000, 0x000000071ee00000| Untracked 
| 220|0x000000071f000000, 0x000000071f000000, 0x000000071f200000|  0%| F|  |TAMS 0x000000071f000000, 0x000000071f000000| Untracked 
| 221|0x000000071f200000, 0x000000071f200000, 0x000000071f400000|  0%| F|  |TAMS 0x000000071f200000, 0x000000071f200000| Untracked 
| 222|0x000000071f400000, 0x000000071f400000, 0x000000071f600000|  0%| F|  |TAMS 0x000000071f400000, 0x000000071f400000| Untracked 
| 223|0x000000071f600000, 0x000000071f600000, 0x000000071f800000|  0%| F|  |TAMS 0x000000071f600000, 0x000000071f600000| Untracked 
| 224|0x000000071f800000, 0x000000071f800000, 0x000000071fa00000|  0%| F|  |TAMS 0x000000071f800000, 0x000000071f800000| Untracked 
| 225|0x000000071fa00000, 0x000000071fa00000, 0x000000071fc00000|  0%| F|  |TAMS 0x000000071fa00000, 0x000000071fa00000| Untracked 
| 226|0x000000071fc00000, 0x000000071fc00000, 0x000000071fe00000|  0%| F|  |TAMS 0x000000071fc00000, 0x000000071fc00000| Untracked 
| 227|0x000000071fe00000, 0x000000071fe00000, 0x0000000720000000|  0%| F|  |TAMS 0x000000071fe00000, 0x000000071fe00000| Untracked 
| 228|0x0000000720000000, 0x0000000720000000, 0x0000000720200000|  0%| F|  |TAMS 0x0000000720000000, 0x0000000720000000| Untracked 
| 229|0x0000000720200000, 0x0000000720200000, 0x0000000720400000|  0%| F|  |TAMS 0x0000000720200000, 0x0000000720200000| Untracked 
| 230|0x0000000720400000, 0x0000000720400000, 0x0000000720600000|  0%| F|  |TAMS 0x0000000720400000, 0x0000000720400000| Untracked 
| 231|0x0000000720600000, 0x0000000720600000, 0x0000000720800000|  0%| F|  |TAMS 0x0000000720600000, 0x0000000720600000| Untracked 
| 232|0x0000000720800000, 0x0000000720800000, 0x0000000720a00000|  0%| F|  |TAMS 0x0000000720800000, 0x0000000720800000| Untracked 
| 233|0x0000000720a00000, 0x0000000720a00000, 0x0000000720c00000|  0%| F|  |TAMS 0x0000000720a00000, 0x0000000720a00000| Untracked 
| 234|0x0000000720c00000, 0x0000000720c00000, 0x0000000720e00000|  0%| F|  |TAMS 0x0000000720c00000, 0x0000000720c00000| Untracked 
| 235|0x0000000720e00000, 0x0000000720e00000, 0x0000000721000000|  0%| F|  |TAMS 0x0000000720e00000, 0x0000000720e00000| Untracked 
| 236|0x0000000721000000, 0x0000000721000000, 0x0000000721200000|  0%| F|  |TAMS 0x0000000721000000, 0x0000000721000000| Untracked 

Card table byte_map: [0x0000020dfbdc0000,0x0000020dfc5b0000] _byte_map_base: 0x0000020df85a4000

Marking Bits (Prev, Next): (CMBitMap*) 0x0000020de8a353b0, (CMBitMap*) 0x0000020de8a353f0
 Prev Bits: [0x0000020d80000000, 0x0000020d83f20000)
 Next Bits: [0x0000020d83f20000, 0x0000020d87e40000)

Polling page: 0x0000020de69c0000

Metaspace:

Usage:
  Non-class:      9.69 MB used.
      Class:   1023.48 KB used.
       Both:     10.68 MB used.

Virtual space:
  Non-class space:       16.00 MB reserved,       9.81 MB ( 61%) committed,  2 nodes.
      Class space:        1.00 GB reserved,       1.12 MB ( <1%) committed,  1 nodes.
             Both:        1.02 GB reserved,      10.94 MB (  1%) committed. 

Chunk freelists:
   Non-Class:  2.24 MB
       Class:  2.75 MB
        Both:  4.98 MB

MaxMetaspaceSize: unlimited
CompressedClassSpaceSize: 1.00 GB
Initial GC threshold: 21.00 MB
Current GC threshold: 21.00 MB
CDS: off
MetaspaceReclaimPolicy: balanced
 - commit_granule_bytes: 65536.
 - commit_granule_words: 8192.
 - virtual_space_node_default_size: 1048576.
 - enlarge_chunks_in_place: 1.
 - new_chunks_are_fully_committed: 0.
 - uncommit_free_chunks: 1.
 - use_allocation_guard: 0.
 - handle_deallocations: 1.


Internal statistics:

num_allocs_failed_limit: 0.
num_arena_births: 98.
num_arena_deaths: 0.
num_vsnodes_births: 3.
num_vsnodes_deaths: 0.
num_space_committed: 175.
num_space_uncommitted: 0.
num_chunks_returned_to_freelist: 0.
num_chunks_taken_from_freelist: 155.
num_chunk_merges: 0.
num_chunk_splits: 77.
num_chunks_enlarged: 20.
num_purges: 0.
num_inconsistent_stats: 0.

CodeHeap 'non-profiled nmethods': size=120000Kb used=199Kb max_used=199Kb free=119800Kb
 bounds [0x0000020df3b50000, 0x0000020df3dc0000, 0x0000020dfb080000]
CodeHeap 'profiled nmethods': size=120000Kb used=1086Kb max_used=1086Kb free=118913Kb
 bounds [0x0000020dec080000, 0x0000020dec2f0000, 0x0000020df35b0000]
CodeHeap 'non-nmethods': size=5760Kb used=1198Kb max_used=1221Kb free=4562Kb
 bounds [0x0000020df35b0000, 0x0000020df3820000, 0x0000020df3b50000]
 total_blobs=1128 nmethods=626 adapters=415
 compilation: enabled
              stopped_count=0, restarted_count=0
 full_count=0

Compilation events (20 events):
Event: 0.440 Thread 0x0000020d88892d00  615       4       java.io.BufferedInputStream::read1 (108 bytes)
Event: 0.446 Thread 0x0000020d888a1a90  616       3       sun.awt.image.PNGImageDecoder::need (118 bytes)
Event: 0.446 Thread 0x0000020d888a1a90 nmethod 616 0x0000020dec182390 code [0x0000020dec182580, 0x0000020dec182aa8]
Event: 0.451 Thread 0x0000020d88892d00 nmethod 615 0x0000020df3b7d710 code [0x0000020df3b7d920, 0x0000020df3b7efa8]
Event: 0.455 Thread 0x0000020d88892d00  617   !   4       java.util.zip.Inflater::inflate (418 bytes)
Event: 0.457 Thread 0x0000020d88892d00 nmethod 617 0x0000020df3b7fb10 code [0x0000020df3b7fcc0, 0x0000020df3b80288]
Event: 0.457 Thread 0x0000020d88892d00  618  s    4       java.io.BufferedInputStream::read (113 bytes)
Event: 0.460 Thread 0x0000020d88892d00 nmethod 618 0x0000020df3b80790 code [0x0000020df3b80960, 0x0000020df3b80fa8]
Event: 0.465 Thread 0x0000020d888a1a90  619       3       java.io.BufferedInputStream::read1 (108 bytes)
Event: 0.465 Thread 0x0000020d888a1a90 nmethod 619 0x0000020dec182b90 code [0x0000020dec182de0, 0x0000020dec1836f8]
Event: 0.465 Thread 0x0000020d888a1a90  621   !   3       sun.awt.image.PNGImageDecoder::produceImage (1917 bytes)
Event: 0.469 Thread 0x0000020d888a1a90 nmethod 621 0x0000020dec183990 code [0x0000020dec184120, 0x0000020dec189368]
Event: 0.469 Thread 0x0000020d888a1a90  620   !   3       java.util.zip.Inflater::inflate (418 bytes)
Event: 0.470 Thread 0x0000020d888a1a90 nmethod 620 0x0000020dec18d490 code [0x0000020dec18d760, 0x0000020dec18e928]
Event: 0.470 Thread 0x0000020d888a1a90  623       2       java.lang.Math::round (56 bytes)
Event: 0.470 Thread 0x0000020d888a1a90 nmethod 623 0x0000020dec18f310 code [0x0000020dec18f4a0, 0x0000020dec18f618]
Event: 0.470 Thread 0x0000020d888a1a90  622       3       java.awt.image.IndexColorModel::getRGB (12 bytes)
Event: 0.471 Thread 0x0000020d888a1a90 nmethod 622 0x0000020dec18f690 code [0x0000020dec18f820, 0x0000020dec18f958]
Event: 0.471 Thread 0x0000020d88892d00  624       4       java.lang.Math::round (56 bytes)
Event: 0.471 Thread 0x0000020d88892d00 nmethod 624 0x0000020df3b81390 code [0x0000020df3b81500, 0x0000020df3b815d8]

GC Heap History (4 events):
Event: 0.472 GC heap before
{Heap before GC invocations=0 (full 0):
 garbage-first heap   total 260096K, used 28672K [0x0000000703800000, 0x0000000800000000)
  region size 2048K, 4 young (8192K), 0 survivors (0K)
 Metaspace       used 10935K, committed 11200K, reserved 1064960K
  class space    used 1022K, committed 1152K, reserved 1048576K
}
Event: 0.474 GC heap after
{Heap after GC invocations=1 (full 0):
 garbage-first heap   total 260096K, used 24949K [0x0000000703800000, 0x0000000800000000)
  region size 2048K, 2 young (4096K), 2 survivors (4096K)
 Metaspace       used 10935K, committed 11200K, reserved 1064960K
  class space    used 1022K, committed 1152K, reserved 1048576K
}
Event: 0.520 GC heap before
{Heap before GC invocations=1 (full 0):
 garbage-first heap   total 260096K, used 190837K [0x0000000703800000, 0x0000000800000000)
  region size 2048K, 3 young (6144K), 2 survivors (4096K)
 Metaspace       used 10941K, committed 11200K, reserved 1064960K
  class space    used 1023K, committed 1152K, reserved 1048576K
}
Event: 0.522 GC heap after
{Heap after GC invocations=2 (full 0):
 garbage-first heap   total 260096K, used 190740K [0x0000000703800000, 0x0000000800000000)
  region size 2048K, 1 young (2048K), 1 survivors (2048K)
 Metaspace       used 10941K, committed 11200K, reserved 1064960K
  class space    used 1023K, committed 1152K, reserved 1048576K
}

Dll operation events (4 events):
Event: 0.006 Loaded shared library C:\Users\js834\.p2\pool\plugins\org.eclipse.justj.openjdk.hotspot.jre.full.win32.x86_64_17.0.6.v20230204-1729\jre\bin\java.dll
Event: 0.101 Loaded shared library C:\Users\js834\.p2\pool\plugins\org.eclipse.justj.openjdk.hotspot.jre.full.win32.x86_64_17.0.6.v20230204-1729\jre\bin\jimage.dll
Event: 0.127 Loaded shared library C:\Users\js834\.p2\pool\plugins\org.eclipse.justj.openjdk.hotspot.jre.full.win32.x86_64_17.0.6.v20230204-1729\jre\bin\awt.dll
Event: 0.338 Loaded shared library C:\Users\js834\.p2\pool\plugins\org.eclipse.justj.openjdk.hotspot.jre.full.win32.x86_64_17.0.6.v20230204-1729\jre\bin\zip.dll

Deoptimization events (20 events):
Event: 0.463 Thread 0x0000020d8931dbd0 Uncommon trap: trap_request=0xffffffde fr.pc=0x0000020df3b7e360 relative=0x0000000000000a40
Event: 0.463 Thread 0x0000020d8931dbd0 Uncommon trap: reason=class_check action=maybe_recompile pc=0x0000020df3b7e360 method=java.io.BufferedInputStream.fill()V @ 184 c2
Event: 0.463 Thread 0x0000020d8931dbd0 DEOPT PACKING pc=0x0000020df3b7e360 sp=0x00000077af8feec0
Event: 0.463 Thread 0x0000020d8931dbd0 DEOPT UNPACKING pc=0x0000020df36069a3 sp=0x00000077af8fee40 mode 2
Event: 0.464 Thread 0x0000020d8931dbd0 Uncommon trap: trap_request=0xffffff45 fr.pc=0x0000020df3b7e9a8 relative=0x0000000000001088
Event: 0.464 Thread 0x0000020d8931dbd0 Uncommon trap: reason=unstable_if action=reinterpret pc=0x0000020df3b7e9a8 method=sun.awt.image.PNGFilterInputStream.read([BII)I @ 30 c2
Event: 0.464 Thread 0x0000020d8931dbd0 DEOPT PACKING pc=0x0000020df3b7e9a8 sp=0x00000077af8ff1d0
Event: 0.464 Thread 0x0000020d8931dbd0 DEOPT UNPACKING pc=0x0000020df36069a3 sp=0x00000077af8feff8 mode 2
Event: 0.464 Thread 0x0000020d8931dbd0 Uncommon trap: trap_request=0xffffff45 fr.pc=0x0000020df3b80060 relative=0x00000000000003a0
Event: 0.464 Thread 0x0000020d8931dbd0 Uncommon trap: reason=unstable_if action=reinterpret pc=0x0000020df3b80060 method=java.util.zip.Inflater.inflate([BII)I @ 327 c2
Event: 0.464 Thread 0x0000020d8931dbd0 DEOPT PACKING pc=0x0000020df3b80060 sp=0x00000077af8ff010
Event: 0.464 Thread 0x0000020d8931dbd0 DEOPT UNPACKING pc=0x0000020df36069a3 sp=0x00000077af8fef80 mode 2
Event: 0.464 Thread 0x0000020d8931dbd0 Uncommon trap: trap_request=0xffffff45 fr.pc=0x0000020df3b7cb20 relative=0x00000000000006a0
Event: 0.464 Thread 0x0000020d8931dbd0 Uncommon trap: reason=unstable_if action=reinterpret pc=0x0000020df3b7cb20 method=java.awt.ImageMediaEntry.parseflags(I)I @ 23 c2
Event: 0.464 Thread 0x0000020d8931dbd0 DEOPT PACKING pc=0x0000020df3b7cb20 sp=0x00000077af8ff0e0
Event: 0.464 Thread 0x0000020d8931dbd0 DEOPT UNPACKING pc=0x0000020df36069a3 sp=0x00000077af8fec98 mode 2
Event: 0.465 Thread 0x0000020d8931dbd0 Uncommon trap: trap_request=0xffffff45 fr.pc=0x0000020df3b7a03c relative=0x00000000000002fc
Event: 0.465 Thread 0x0000020d8931dbd0 Uncommon trap: reason=unstable_if action=reinterpret pc=0x0000020df3b7a03c method=sun.awt.image.PNGImageDecoder.produceImage()V @ 94 c2
Event: 0.465 Thread 0x0000020d8931dbd0 DEOPT PACKING pc=0x0000020df3b7a03c sp=0x00000077af8ff3a0
Event: 0.465 Thread 0x0000020d8931dbd0 DEOPT UNPACKING pc=0x0000020df36069a3 sp=0x00000077af8ff298 mode 2

Classes unloaded (0 events):
No events

Classes redefined (0 events):
No events

Internal exceptions (11 events):
Event: 0.119 Thread 0x0000020d88a2deb0 Exception <a 'java/lang/ClassNotFoundException'{0x00000007135e8b60}: sun/awt/resources/spi/awtProvider> (0x00000007135e8b60) 
thrown [s\src\hotspot\share\classfile\systemDictionary.cpp, line 256]
Event: 0.141 Thread 0x0000020d88a2deb0 Exception <a 'java/io/FileNotFoundException'{0x0000000713243b18}> (0x0000000713243b18) 
thrown [s\src\hotspot\share\prims\jni.cpp, line 516]
Event: 0.146 Thread 0x0000020d88a2deb0 Exception <a 'java/io/FileNotFoundException'{0x0000000713270ad0}> (0x0000000713270ad0) 
thrown [s\src\hotspot\share\prims\jni.cpp, line 516]
Event: 0.181 Thread 0x0000020de89c4ea0 Exception <a 'java/lang/NoSuchMethodError'{0x0000000713584420}: 'java.lang.Object java.lang.invoke.DirectMethodHandle$Holder.invokeStaticInit(java.lang.Object)'> (0x0000000713584420) 
thrown [s\src\hotspot\share\interpreter\linkResolver.cpp, line 759]
Event: 0.305 Thread 0x0000020d88a2deb0 Exception <a 'java/lang/NoSuchMethodError'{0x000000071335cd90}: 'void java.lang.invoke.DirectMethodHandle$Holder.invokeSpecial(java.lang.Object, java.lang.Object, java.lang.Object)'> (0x000000071335cd90) 
thrown [s\src\hotspot\share\interpreter\linkResolver.cpp, line 759]
Event: 0.310 Thread 0x0000020d88a2deb0 Exception <a 'java/lang/NoSuchMethodError'{0x0000000713387018}: 'java.lang.Object java.lang.invoke.DirectMethodHandle$Holder.newInvokeSpecial(java.lang.Object, java.lang.Object, java.lang.Object, java.lang.Object, java.lang.Object)'> (0x0000000713387018) 
thrown [s\src\hotspot\share\interpreter\linkResolver.cpp, line 759]
Event: 0.311 Thread 0x0000020d88a2deb0 Exception <a 'java/lang/NoSuchMethodError'{0x0000000713392a48}: 'java.lang.Object java.lang.invoke.DirectMethodHandle$Holder.invokeStatic(java.lang.Object, int, java.lang.Object, java.lang.Object, java.lang.Object, java.lang.Object)'> (0x0000000713392a48) 
thrown [s\src\hotspot\share\interpreter\linkResolver.cpp, line 759]
Event: 0.313 Thread 0x0000020d88a2deb0 Exception <a 'java/lang/NoSuchMethodError'{0x00000007133b8208}: 'java.lang.Object java.lang.invoke.DirectMethodHandle$Holder.invokeStatic(java.lang.Object, int, java.lang.Object)'> (0x00000007133b8208) 
thrown [s\src\hotspot\share\interpreter\linkResolver.cpp, line 759]
Event: 0.327 Thread 0x0000020d88a2deb0 Exception <a 'java/lang/ClassNotFoundException'{0x0000000713070598}: com/sun/swing/internal/plaf/metal/resources/spi/metalProvider> (0x0000000713070598) 
thrown [s\src\hotspot\share\classfile\systemDictionary.cpp, line 256]
Event: 0.328 Thread 0x0000020d88a2deb0 Exception <a 'java/lang/ClassNotFoundException'{0x0000000713075238}: com/sun/swing/internal/plaf/basic/resources/spi/basicProvider> (0x0000000713075238) 
thrown [s\src\hotspot\share\classfile\systemDictionary.cpp, line 256]
Event: 0.364 Thread 0x0000020d8931dbd0 Exception <a 'java/lang/NoSuchMethodError'{0x0000000712e0ed40}: 'java.lang.Object java.lang.invoke.DirectMethodHandle$Holder.newInvokeSpecial(java.lang.Object, java.lang.Object, java.lang.Object, int, int, int, int, int)'> (0x0000000712e0ed40) 
thrown [s\src\hotspot\share\interpreter\linkResolver.cpp, line 759]

VM Operations (10 events):
Event: 0.154 Executing VM operation: HandshakeAllThreads
Event: 0.154 Executing VM operation: HandshakeAllThreads done
Event: 0.327 Executing VM operation: HandshakeAllThreads
Event: 0.327 Executing VM operation: HandshakeAllThreads done
Event: 0.464 Executing VM operation: HandshakeAllThreads
Event: 0.464 Executing VM operation: HandshakeAllThreads done
Event: 0.472 Executing VM operation: G1TryInitiateConcMark
Event: 0.474 Executing VM operation: G1TryInitiateConcMark done
Event: 0.520 Executing VM operation: G1TryInitiateConcMark
Event: 0.522 Executing VM operation: G1TryInitiateConcMark done

Events (20 events):
Event: 0.372 loading class sun/awt/image/ByteInterleavedRaster
Event: 0.372 loading class sun/awt/image/ByteComponentRaster
Event: 0.372 loading class sun/awt/image/ByteComponentRaster done
Event: 0.372 loading class sun/awt/image/ByteInterleavedRaster done
Event: 0.373 loading class java/awt/image/BufferedImage$1
Event: 0.373 loading class java/awt/image/BufferedImage$1 done
Event: 0.373 loading class sun/awt/image/IntegerComponentRaster
Event: 0.373 loading class sun/awt/image/IntegerComponentRaster done
Event: 0.373 loading class sun/awt/image/BytePackedRaster
Event: 0.373 loading class sun/awt/image/BytePackedRaster done
Event: 0.464 loading class java/awt/image/AreaAveragingScaleFilter
Event: 0.464 loading class java/awt/image/ReplicateScaleFilter
Event: 0.464 loading class java/awt/image/ImageFilter
Event: 0.464 loading class java/awt/image/ImageFilter done
Event: 0.464 loading class java/awt/image/ReplicateScaleFilter done
Event: 0.464 loading class java/awt/image/AreaAveragingScaleFilter done
Event: 0.464 loading class java/awt/image/FilteredImageSource
Event: 0.464 loading class java/awt/image/FilteredImageSource done
Event: 0.520 loading class java/awt/image/DataBufferInt
Event: 0.520 loading class java/awt/image/DataBufferInt done


Dynamic libraries:
0x00007ff69f4c0000 - 0x00007ff69f4ce000 	C:\Users\js834\.p2\pool\plugins\org.eclipse.justj.openjdk.hotspot.jre.full.win32.x86_64_17.0.6.v20230204-1729\jre\bin\javaw.exe
0x00007ff986610000 - 0x00007ff986824000 	C:\WINDOWS\SYSTEM32\ntdll.dll
0x00007ff9860d0000 - 0x00007ff986194000 	C:\WINDOWS\System32\KERNEL32.DLL
0x00007ff9839c0000 - 0x00007ff983d64000 	C:\WINDOWS\System32\KERNELBASE.dll
0x00007ff984280000 - 0x00007ff984391000 	C:\WINDOWS\System32\ucrtbase.dll
0x00007ff968050000 - 0x00007ff968069000 	C:\Users\js834\.p2\pool\plugins\org.eclipse.justj.openjdk.hotspot.jre.full.win32.x86_64_17.0.6.v20230204-1729\jre\bin\VCRUNTIME140.dll
0x00007ff968070000 - 0x00007ff968087000 	C:\Users\js834\.p2\pool\plugins\org.eclipse.justj.openjdk.hotspot.jre.full.win32.x86_64_17.0.6.v20230204-1729\jre\bin\jli.dll
0x00007ff9862b0000 - 0x00007ff98645e000 	C:\WINDOWS\System32\USER32.dll
0x00007ff983fc0000 - 0x00007ff983fe6000 	C:\WINDOWS\System32\win32u.dll
0x00007ff963380000 - 0x00007ff963613000 	C:\WINDOWS\WinSxS\amd64_microsoft.windows.common-controls_6595b64144ccf1df_6.0.22621.2215_none_270d72677387dfc3\COMCTL32.dll
0x00007ff984ec0000 - 0x00007ff984ee9000 	C:\WINDOWS\System32\GDI32.dll
0x00007ff984ef0000 - 0x00007ff984f97000 	C:\WINDOWS\System32\msvcrt.dll
0x00007ff983d70000 - 0x00007ff983e88000 	C:\WINDOWS\System32\gdi32full.dll
0x00007ff983ff0000 - 0x00007ff98408a000 	C:\WINDOWS\System32\msvcp_win.dll
0x00007ff985120000 - 0x00007ff985151000 	C:\WINDOWS\System32\IMM32.DLL
0x00007ff9696f0000 - 0x00007ff9696fc000 	C:\Users\js834\.p2\pool\plugins\org.eclipse.justj.openjdk.hotspot.jre.full.win32.x86_64_17.0.6.v20230204-1729\jre\bin\vcruntime140_1.dll
0x00007ff945a30000 - 0x00007ff945ac1000 	C:\Users\js834\.p2\pool\plugins\org.eclipse.justj.openjdk.hotspot.jre.full.win32.x86_64_17.0.6.v20230204-1729\jre\bin\msvcp140.dll
0x00007ff92c3a0000 - 0x00007ff92cfe7000 	C:\Users\js834\.p2\pool\plugins\org.eclipse.justj.openjdk.hotspot.jre.full.win32.x86_64_17.0.6.v20230204-1729\jre\bin\server\jvm.dll
0x00007ff984730000 - 0x00007ff9847e0000 	C:\WINDOWS\System32\ADVAPI32.dll
0x00007ff985310000 - 0x00007ff9853b6000 	C:\WINDOWS\System32\sechost.dll
0x00007ff986460000 - 0x00007ff986577000 	C:\WINDOWS\System32\RPCRT4.dll
0x00007ff97fdb0000 - 0x00007ff97fdb9000 	C:\WINDOWS\SYSTEM32\WSOCK32.dll
0x00007ff97ba40000 - 0x00007ff97ba74000 	C:\WINDOWS\SYSTEM32\WINMM.dll
0x00007ff976f60000 - 0x00007ff976f6a000 	C:\WINDOWS\SYSTEM32\VERSION.dll
0x00007ff9844f0000 - 0x00007ff984561000 	C:\WINDOWS\System32\WS2_32.dll
0x00007ff982ab0000 - 0x00007ff982ac8000 	C:\WINDOWS\SYSTEM32\kernel.appcore.dll
0x00007ff97e050000 - 0x00007ff97e05a000 	C:\Users\js834\.p2\pool\plugins\org.eclipse.justj.openjdk.hotspot.jre.full.win32.x86_64_17.0.6.v20230204-1729\jre\bin\jimage.dll
0x00007ff980ee0000 - 0x00007ff98110e000 	C:\WINDOWS\SYSTEM32\DBGHELP.DLL
0x00007ff985d40000 - 0x00007ff9860ca000 	C:\WINDOWS\System32\combase.dll
0x00007ff985420000 - 0x00007ff9854f7000 	C:\WINDOWS\System32\OLEAUT32.dll
0x00007ff95d6e0000 - 0x00007ff95d712000 	C:\WINDOWS\SYSTEM32\dbgcore.DLL
0x00007ff984090000 - 0x00007ff98410a000 	C:\WINDOWS\System32\bcryptPrimitives.dll
0x00007ff967ba0000 - 0x00007ff967bc5000 	C:\Users\js834\.p2\pool\plugins\org.eclipse.justj.openjdk.hotspot.jre.full.win32.x86_64_17.0.6.v20230204-1729\jre\bin\java.dll
0x00007ff969490000 - 0x00007ff9694a8000 	C:\Users\js834\.p2\pool\plugins\org.eclipse.justj.openjdk.hotspot.jre.full.win32.x86_64_17.0.6.v20230204-1729\jre\bin\zip.dll
0x00007ff985510000 - 0x00007ff985d33000 	C:\WINDOWS\System32\SHELL32.dll
0x00007ff981960000 - 0x00007ff98224a000 	C:\WINDOWS\SYSTEM32\windows.storage.dll
0x00007ff981820000 - 0x00007ff98195e000 	C:\WINDOWS\SYSTEM32\wintypes.dll
0x00007ff9861a0000 - 0x00007ff986293000 	C:\WINDOWS\System32\SHCORE.dll
0x00007ff9853c0000 - 0x00007ff98541e000 	C:\WINDOWS\System32\shlwapi.dll
0x00007ff9838f0000 - 0x00007ff983916000 	C:\WINDOWS\SYSTEM32\profapi.dll
0x00007ff942480000 - 0x00007ff94260e000 	C:\Users\js834\.p2\pool\plugins\org.eclipse.justj.openjdk.hotspot.jre.full.win32.x86_64_17.0.6.v20230204-1729\jre\bin\awt.dll
0x00007ff980690000 - 0x00007ff980727000 	C:\WINDOWS\SYSTEM32\apphelp.dll
0x00007ff980d50000 - 0x00007ff980d7b000 	C:\WINDOWS\system32\DWMAPI.DLL
0x00007ff980790000 - 0x00007ff98083b000 	C:\WINDOWS\system32\uxtheme.dll
0x00007ff9678f0000 - 0x00007ff9679f0000 	C:\WINDOWS\system32\opengl32.dll
0x00007ff968a40000 - 0x00007ff968a6d000 	C:\WINDOWS\SYSTEM32\GLU32.dll
0x00007ff980dc0000 - 0x00007ff980df8000 	C:\WINDOWS\SYSTEM32\dxcore.dll
0x00007ff9843a0000 - 0x00007ff9844e9000 	C:\WINDOWS\System32\MSCTF.dll
0x00007ff9847e0000 - 0x00007ff98497e000 	C:\WINDOWS\System32\ole32.dll
0x00007ff96c1d0000 - 0x00007ff96c379000 	C:\WINDOWS\system32\d3d9.dll
0x00007ff93b380000 - 0x00007ff93b4e1000 	C:\WINDOWS\System32\DriverStore\FileRepository\iigd_dch.inf_amd64_0c2fb894eee0c51f\igdumdim64.dll
0x00007ff9228d0000 - 0x00007ff9261f2000 	C:\WINDOWS\System32\DriverStore\FileRepository\iigd_dch.inf_amd64_0c2fb894eee0c51f\igd9dxva64.dll
0x00007ff984990000 - 0x00007ff984e04000 	C:\WINDOWS\System32\SETUPAPI.dll
0x00007ff9836b0000 - 0x00007ff9836fe000 	C:\WINDOWS\SYSTEM32\cfgmgr32.dll
0x00007ff974530000 - 0x00007ff9746d7000 	C:\WINDOWS\System32\DriverStore\FileRepository\iigd_dch.inf_amd64_0c2fb894eee0c51f\igdgmm64.dll
0x00007ff97d110000 - 0x00007ff97d15a000 	C:\WINDOWS\SYSTEM32\directxdatabasehelper.dll
0x00007ff942340000 - 0x00007ff9423f0000 	C:\WINDOWS\System32\DriverStore\FileRepository\nvhm.inf_amd64_4a2f8a62d5686839\nvldumdx.dll
0x00007ff983230000 - 0x00007ff983242000 	C:\WINDOWS\SYSTEM32\msasn1.dll
0x00007ff9700f0000 - 0x00007ff970122000 	C:\WINDOWS\SYSTEM32\cryptnet.dll
0x00007ff984110000 - 0x00007ff984276000 	C:\WINDOWS\System32\CRYPT32.dll
0x00007ff96d2a0000 - 0x00007ff96d3f8000 	C:\WINDOWS\SYSTEM32\drvstore.dll
0x00007ff983680000 - 0x00007ff9836ac000 	C:\WINDOWS\SYSTEM32\devobj.dll
0x00007ff9832a0000 - 0x00007ff9832eb000 	C:\WINDOWS\SYSTEM32\wldp.dll
0x00007ff9831f0000 - 0x00007ff9831fc000 	C:\WINDOWS\SYSTEM32\cryptbase.dll
0x00007ff983f50000 - 0x00007ff983fbb000 	C:\WINDOWS\System32\WINTRUST.DLL
0x00007ff984e10000 - 0x00007ff984e2f000 	C:\WINDOWS\System32\imagehlp.dll
0x00007ff9831d0000 - 0x00007ff9831eb000 	C:\WINDOWS\SYSTEM32\CRYPTSP.dll
0x00007ff982a70000 - 0x00007ff982aa5000 	C:\WINDOWS\system32\rsaenh.dll
0x00007ff983390000 - 0x00007ff9833b8000 	C:\WINDOWS\SYSTEM32\bcrypt.dll
0x00007ff8e41e0000 - 0x00007ff8e596c000 	C:\WINDOWS\System32\DriverStore\FileRepository\nvhm.inf_amd64_4a2f8a62d5686839\nvd3dumx.dll
0x00007ff942040000 - 0x00007ff9422ee000 	C:\WINDOWS\system32\nvspcap64.dll
0x00007ff982b20000 - 0x00007ff982b54000 	C:\WINDOWS\SYSTEM32\ntmarta.dll
0x00007ff983010000 - 0x00007ff983036000 	C:\WINDOWS\SYSTEM32\gpapi.dll

dbghelp: loaded successfully - version: 4.0.5 - missing functions: none
symbol engine: initialized successfully - sym options: 0x614 - pdb path: .;C:\Users\js834\.p2\pool\plugins\org.eclipse.justj.openjdk.hotspot.jre.full.win32.x86_64_17.0.6.v20230204-1729\jre\bin;C:\WINDOWS\SYSTEM32;C:\WINDOWS\WinSxS\amd64_microsoft.windows.common-controls_6595b64144ccf1df_6.0.22621.2215_none_270d72677387dfc3;C:\Users\js834\.p2\pool\plugins\org.eclipse.justj.openjdk.hotspot.jre.full.win32.x86_64_17.0.6.v20230204-1729\jre\bin\server;C:\WINDOWS\System32\DriverStore\FileRepository\iigd_dch.inf_amd64_0c2fb894eee0c51f;C:\WINDOWS\System32\DriverStore\FileRepository\nvhm.inf_amd64_4a2f8a62d5686839

VM Arguments:
jvm_args: -Dfile.encoding=UTF-8 -XX:+ShowCodeDetailsInExceptionMessages 
java_command: Main
java_class_path (initial): C:\Users\js834\git\TrabajoGrupoProgIII\TrabajoGrupoProgIII\bin
Launcher Type: SUN_STANDARD

[Global flags]
     intx CICompilerCount                          = 4                                         {product} {ergonomic}
     uint ConcGCThreads                            = 3                                         {product} {ergonomic}
     uint G1ConcRefinementThreads                  = 10                                        {product} {ergonomic}
   size_t G1HeapRegionSize                         = 2097152                                   {product} {ergonomic}
    uintx GCDrainStackTargetSize                   = 64                                        {product} {ergonomic}
   size_t InitialHeapSize                          = 266338304                                 {product} {ergonomic}
   size_t MarkStackSize                            = 4194304                                   {product} {ergonomic}
   size_t MaxHeapSize                              = 4236247040                                {product} {ergonomic}
   size_t MaxNewSize                               = 2541748224                                {product} {ergonomic}
   size_t MinHeapDeltaBytes                        = 2097152                                   {product} {ergonomic}
   size_t MinHeapSize                              = 8388608                                   {product} {ergonomic}
    uintx NonNMethodCodeHeapSize                   = 5839372                                {pd product} {ergonomic}
    uintx NonProfiledCodeHeapSize                  = 122909434                              {pd product} {ergonomic}
    uintx ProfiledCodeHeapSize                     = 122909434                              {pd product} {ergonomic}
    uintx ReservedCodeCacheSize                    = 251658240                              {pd product} {ergonomic}
     bool SegmentedCodeCache                       = true                                      {product} {ergonomic}
     bool ShowCodeDetailsInExceptionMessages       = true                                   {manageable} {command line}
   size_t SoftMaxHeapSize                          = 4236247040                             {manageable} {ergonomic}
     bool UseCompressedClassPointers               = true                           {product lp64_product} {ergonomic}
     bool UseCompressedOops                        = true                           {product lp64_product} {ergonomic}
     bool UseG1GC                                  = true                                      {product} {ergonomic}
     bool UseLargePagesIndividualAllocation        = false                                  {pd product} {ergonomic}

Logging:
Log output configuration:
 #0: stdout all=warning uptime,level,tags
 #1: stderr all=off uptime,level,tags

Environment Variables:
PATH=C:/Users/js834/.p2/pool/plugins/org.eclipse.justj.openjdk.hotspot.jre.full.win32.x86_64_17.0.6.v20230204-1729/jre/bin/server;C:/Users/js834/.p2/pool/plugins/org.eclipse.justj.openjdk.hotspot.jre.full.win32.x86_64_17.0.6.v20230204-1729/jre/bin;C:\Program Files\Common Files\Oracle\Java\javapath;C:\ProgramData\Oracle\Java\javapath;C:\windows\system32;C:\windows;C:\windows\System32\Wbem;C:\windows\System32\WindowsPowerShell\v1.0\;C:\windows\System32\OpenSSH\;C:\Program Files (x86)\NVIDIA Corporation\PhysX\Common;C:\Program Files\NVIDIA Corporation\NVIDIA NvDLISR;C:\WINDOWS\system32;C:\WINDOWS;C:\WINDOWS\System32\Wbem;C:\WINDOWS\System32\WindowsPowerShell\v1.0\;C:\WINDOWS\System32\OpenSSH\;C:\Program Files\AutoFirma\AutoFirma;C:\Program Files\dotnet\;C:\Users\js834\AppData\Local\Microsoft\WindowsApps;C:\Program Files (x86)\Java\jre-1.8\bin;;C:\Users\js834\OneDrive\Escritorio;
USERNAME=js834
OS=Windows_NT
PROCESSOR_IDENTIFIER=Intel64 Family 6 Model 165 Stepping 2, GenuineIntel
TMP=C:\Users\js834\AppData\Local\Temp
TEMP=C:\Users\js834\AppData\Local\Temp



---------------  S Y S T E M  ---------------

OS:
 Windows 11 , 64 bit Build 22621 (10.0.22621.2215)
OS uptime: 0 days 11:01 hours

CPU: total 12 (initial active 12) (6 cores per cpu, 2 threads per core) family 6 model 165 stepping 2 microcode 0xe0, cx8, cmov, fxsr, ht, mmx, 3dnowpref, sse, sse2, sse3, ssse3, sse4.1, sse4.2, popcnt, lzcnt, tsc, tscinvbit, avx, avx2, aes, erms, clmul, bmi1, bmi2, adx, fma, vzeroupper, clflush, clflushopt

Memory: 4k page, system-wide physical 16155M (1253M free)
TotalPageFile size 65307M (AvailPageFile size 5M)
current process WorkingSet (physical memory assigned to process): 262M, peak: 262M
current process commit charge ("private bytes"): 600M, peak: 602M

vm_info: OpenJDK 64-Bit Server VM (17.0.6+10) for windows-amd64 JRE (17.0.6+10), built on Jan 18 2023 10:08:59 by "temurin" with MS VC++ 16.7 (VS2019)

END.
